<?xml version="1.0" encoding="UTF-8"?>
<testng-results ignored="0" total="1" passed="1" failed="0" skipped="0">
  <reporter-output>
  </reporter-output>
  <suite started-at="2021-09-04T22:31:51 IST" name="BDD" finished-at="2021-09-04T22:32:07 IST" duration-ms="16285">
    <groups>
      <group name="cucumber">
        <method signature="AbstractTestNGCucumberTests.feature(cucumber.api.testng.CucumberFeatureWrapper)[pri:0, instance:Runner.TestRunner@79d94571]" name="feature" class="cucumber.api.testng.AbstractTestNGCucumberTests"/>
      </group> <!-- cucumber -->
    </groups>
    <test started-at="2021-09-04T22:31:51 IST" name="Test" finished-at="2021-09-04T22:32:07 IST" duration-ms="16285">
      <class name="Runner.TestRunner">
        <test-method is-config="true" signature="setUpClass()[pri:0, instance:Runner.TestRunner@79d94571]" started-at="2021-09-04T22:31:51 IST" name="setUpClass" finished-at="2021-09-04T22:31:51 IST" duration-ms="269" status="PASS">
          <reporter-output>
          </reporter-output>
        </test-method> <!-- setUpClass -->
        <test-method signature="feature(cucumber.api.testng.CucumberFeatureWrapper)[pri:0, instance:Runner.TestRunner@79d94571]" started-at="2021-09-04T22:31:52 IST" name="feature" description="Runs Cucumber Feature" data-provider="features" finished-at="2021-09-04T22:32:07 IST" duration-ms="15747" status="PASS">
          <params>
            <param index="0">
              <value>
                <![CDATA[Sign up in home page]]>
              </value>
            </param>
          </params>
          <reporter-output>
          </reporter-output>
        </test-method> <!-- feature -->
        <test-method is-config="true" signature="tearDownClass()[pri:0, instance:Runner.TestRunner@79d94571]" started-at="2021-09-04T22:32:07 IST" name="tearDownClass" finished-at="2021-09-04T22:32:07 IST" duration-ms="4" status="PASS">
          <reporter-output>
          </reporter-output>
        </test-method> <!-- tearDownClass -->
      </class> <!-- Runner.TestRunner -->
    </test> <!-- Test -->
  </suite> <!-- BDD -->
</testng-results>
