<?xml version="1.0" encoding="UTF-8"?>
<testng-results ignored="0" total="1" passed="1" failed="0" skipped="0">
  <reporter-output>
  </reporter-output>
  <suite started-at="2021-06-20T18:53:06 IST" name="Default suite" finished-at="2021-06-20T18:53:26 IST" duration-ms="20808">
    <groups>
      <group name="cucumber">
        <method signature="AbstractTestNGCucumberTests.feature(cucumber.api.testng.CucumberFeatureWrapper)[pri:0, instance:Runner.TestRunner@6221a451]" name="feature" class="cucumber.api.testng.AbstractTestNGCucumberTests"/>
      </group> <!-- cucumber -->
    </groups>
    <test started-at="2021-06-20T18:53:06 IST" name="Default test" finished-at="2021-06-20T18:53:26 IST" duration-ms="20808">
      <class name="Runner.TestRunner">
        <test-method is-config="true" signature="setUpClass()[pri:0, instance:Runner.TestRunner@6221a451]" started-at="2021-06-20T18:53:06 IST" name="setUpClass" finished-at="2021-06-20T18:53:06 IST" duration-ms="279" status="PASS">
          <reporter-output>
          </reporter-output>
        </test-method> <!-- setUpClass -->
        <test-method signature="feature(cucumber.api.testng.CucumberFeatureWrapper)[pri:0, instance:Runner.TestRunner@6221a451]" started-at="2021-06-20T18:53:06 IST" name="feature" description="Runs Cucumber Feature" data-provider="features" finished-at="2021-06-20T18:53:26 IST" duration-ms="20396" status="PASS">
          <params>
            <param index="0">
              <value>
                <![CDATA[Login into the application]]>
              </value>
            </param>
          </params>
          <reporter-output>
          </reporter-output>
        </test-method> <!-- feature -->
        <test-method is-config="true" signature="tearDownClass()[pri:0, instance:Runner.TestRunner@6221a451]" started-at="2021-06-20T18:53:26 IST" name="tearDownClass" finished-at="2021-06-20T18:53:26 IST" duration-ms="7" status="PASS">
          <reporter-output>
          </reporter-output>
        </test-method> <!-- tearDownClass -->
      </class> <!-- Runner.TestRunner -->
    </test> <!-- Default test -->
  </suite> <!-- Default suite -->
</testng-results>
